error: cannot run gpg: No such file or directory
error: gpg failed to sign the data
fatal: failed to write commit object
Everything up-to-date
error: cannot run gpg: No such file or directory
error: gpg failed to sign the data
fatal: failed to write commit object
Everything up-to-date
error: cannot run gpg: No such file or directory
error: gpg failed to sign the data
fatal: failed to write commit object
Everything up-to-date
error: cannot run gpg: No such file or directory
error: gpg failed to sign the data
fatal: failed to write commit object
Everything up-to-date
error: cannot run gpg: No such file or directory
error: gpg failed to sign the data
fatal: failed to write commit object
Everything up-to-date
error: cannot run gpg: No such file or directory
error: gpg failed to sign the data
fatal: failed to write commit object
Everything up-to-date
error: cannot run gpg: No such file or directory
error: gpg failed to sign the data
fatal: failed to write commit object
Everything up-to-date
error: cannot run gpg: No such file or directory
error: gpg failed to sign the data
fatal: failed to write commit object
Everything up-to-date
error: cannot run gpg: No such file or directory
error: gpg failed to sign the data
fatal: failed to write commit object
Everything up-to-date
error: cannot run gpg: No such file or directory
error: gpg failed to sign the data
fatal: failed to write commit object
Everything up-to-date
error: cannot run gpg: No such file or directory
error: gpg failed to sign the data
fatal: failed to write commit object
Everything up-to-date
error: cannot run gpg: No such file or directory
error: gpg failed to sign the data
fatal: failed to write commit object
Everything up-to-date
error: cannot run gpg: No such file or directory
error: gpg failed to sign the data
fatal: failed to write commit object
Everything up-to-date
error: cannot run gpg: No such file or directory
error: gpg failed to sign the data
fatal: failed to write commit object
Everything up-to-date
error: cannot run gpg: No such file or directory
error: gpg failed to sign the data
fatal: failed to write commit object
Everything up-to-date
error: cannot run gpg: No such file or directory
error: gpg failed to sign the data
fatal: failed to write commit object
Everything up-to-date
error: cannot run gpg: No such file or directory
error: gpg failed to sign the data
fatal: failed to write commit object
Everything up-to-date
error: cannot run gpg: No such file or directory
error: gpg failed to sign the data
fatal: failed to write commit object
Everything up-to-date
error: cannot run gpg: No such file or directory
error: gpg failed to sign the data
fatal: failed to write commit object
Everything up-to-date
error: cannot run gpg: No such file or directory
error: gpg failed to sign the data
fatal: failed to write commit object
Everything up-to-date
error: cannot run gpg: No such file or directory
error: gpg failed to sign the data
fatal: failed to write commit object
Everything up-to-date
error: cannot run gpg: No such file or directory
error: gpg failed to sign the data
fatal: failed to write commit object
Everything up-to-date
error: cannot run gpg: No such file or directory
error: gpg failed to sign the data
fatal: failed to write commit object
Everything up-to-date
error: cannot run gpg: No such file or directory
error: gpg failed to sign the data
fatal: failed to write commit object
Everything up-to-date
error: cannot run gpg: No such file or directory
error: gpg failed to sign the data
fatal: failed to write commit object
Everything up-to-date
error: cannot run gpg: No such file or directory
error: gpg failed to sign the data
fatal: failed to write commit object
Everything up-to-date
error: cannot run gpg: No such file or directory
error: gpg failed to sign the data
fatal: failed to write commit object
Everything up-to-date
error: cannot run gpg: No such file or directory
error: gpg failed to sign the data
fatal: failed to write commit object
Everything up-to-date
error: cannot run gpg: No such file or directory
error: gpg failed to sign the data
fatal: failed to write commit object
Everything up-to-date
error: cannot run gpg: No such file or directory
error: gpg failed to sign the data
fatal: failed to write commit object
Everything up-to-date
error: cannot run gpg: No such file or directory
error: gpg failed to sign the data
fatal: failed to write commit object
Everything up-to-date
error: cannot run gpg: No such file or directory
error: gpg failed to sign the data
fatal: failed to write commit object
Everything up-to-date
error: cannot run gpg: No such file or directory
error: gpg failed to sign the data
fatal: failed to write commit object
Everything up-to-date
error: cannot run gpg: No such file or directory
error: gpg failed to sign the data
fatal: failed to write commit object
Everything up-to-date
error: cannot run gpg: No such file or directory
error: gpg failed to sign the data
fatal: failed to write commit object
Everything up-to-date
error: cannot run gpg: No such file or directory
error: gpg failed to sign the data
fatal: failed to write commit object
Everything up-to-date
error: cannot run gpg: No such file or directory
error: gpg failed to sign the data
fatal: failed to write commit object
Everything up-to-date
error: cannot run gpg: No such file or directory
error: gpg failed to sign the data
fatal: failed to write commit object
Everything up-to-date
error: cannot run gpg: No such file or directory
error: gpg failed to sign the data
fatal: failed to write commit object
Everything up-to-date
error: cannot run gpg: No such file or directory
error: gpg failed to sign the data
fatal: failed to write commit object
Everything up-to-date
error: cannot run gpg: No such file or directory
error: gpg failed to sign the data
fatal: failed to write commit object
Everything up-to-date
error: cannot run gpg: No such file or directory
error: gpg failed to sign the data
fatal: failed to write commit object
Everything up-to-date
error: cannot run gpg: No such file or directory
error: gpg failed to sign the data
fatal: failed to write commit object
Everything up-to-date
error: cannot run gpg: No such file or directory
error: gpg failed to sign the data
fatal: failed to write commit object
Everything up-to-date
error: cannot run gpg: No such file or directory
error: gpg failed to sign the data
fatal: failed to write commit object
Everything up-to-date
error: cannot run gpg: No such file or directory
error: gpg failed to sign the data
fatal: failed to write commit object
Everything up-to-date
error: cannot run gpg: No such file or directory
error: gpg failed to sign the data
fatal: failed to write commit object
Everything up-to-date
error: cannot run gpg: No such file or directory
error: gpg failed to sign the data
fatal: failed to write commit object
Everything up-to-date
error: cannot run gpg: No such file or directory
error: gpg failed to sign the data
fatal: failed to write commit object
Everything up-to-date
error: cannot run gpg: No such file or directory
error: gpg failed to sign the data
fatal: failed to write commit object
Everything up-to-date
error: cannot run gpg: No such file or directory
error: gpg failed to sign the data
fatal: failed to write commit object
Everything up-to-date
error: cannot run gpg: No such file or directory
error: gpg failed to sign the data
fatal: failed to write commit object
Everything up-to-date
error: cannot run gpg: No such file or directory
error: gpg failed to sign the data
fatal: failed to write commit object
Everything up-to-date
error: cannot run gpg: No such file or directory
error: gpg failed to sign the data
fatal: failed to write commit object
Everything up-to-date
error: cannot run gpg: No such file or directory
error: gpg failed to sign the data
fatal: failed to write commit object
Everything up-to-date
error: cannot run gpg: No such file or directory
error: gpg failed to sign the data
fatal: failed to write commit object
Everything up-to-date
error: cannot run gpg: No such file or directory
error: gpg failed to sign the data
fatal: failed to write commit object
Everything up-to-date
error: cannot run gpg: No such file or directory
error: gpg failed to sign the data
fatal: failed to write commit object
Everything up-to-date
error: cannot run gpg: No such file or directory
error: gpg failed to sign the data
fatal: failed to write commit object
Everything up-to-date
error: cannot run gpg: No such file or directory
error: gpg failed to sign the data
fatal: failed to write commit object
Everything up-to-date
error: cannot run gpg: No such file or directory
error: gpg failed to sign the data
fatal: failed to write commit object
Everything up-to-date
error: cannot run gpg: No such file or directory
error: gpg failed to sign the data
fatal: failed to write commit object
Everything up-to-date
error: cannot run gpg: No such file or directory
error: gpg failed to sign the data
fatal: failed to write commit object
Everything up-to-date
error: cannot run gpg: No such file or directory
error: gpg failed to sign the data
fatal: failed to write commit object
Everything up-to-date
error: cannot run gpg: No such file or directory
error: gpg failed to sign the data
fatal: failed to write commit object
Everything up-to-date
error: cannot run gpg: No such file or directory
error: gpg failed to sign the data
fatal: failed to write commit object
Everything up-to-date
error: cannot run gpg: No such file or directory
error: gpg failed to sign the data
fatal: failed to write commit object
Everything up-to-date
error: cannot run gpg: No such file or directory
error: gpg failed to sign the data
fatal: failed to write commit object
Everything up-to-date
error: cannot run gpg: No such file or directory
error: gpg failed to sign the data
fatal: failed to write commit object
Everything up-to-date
error: cannot run gpg: No such file or directory
error: gpg failed to sign the data
fatal: failed to write commit object
Everything up-to-date
error: cannot run gpg: No such file or directory
error: gpg failed to sign the data
fatal: failed to write commit object
Everything up-to-date
error: cannot run gpg: No such file or directory
error: gpg failed to sign the data
fatal: failed to write commit object
Everything up-to-date
error: cannot run gpg: No such file or directory
error: gpg failed to sign the data
fatal: failed to write commit object
Everything up-to-date
error: cannot run gpg: No such file or directory
error: gpg failed to sign the data
fatal: failed to write commit object
Everything up-to-date
error: cannot run gpg: No such file or directory
error: gpg failed to sign the data
fatal: failed to write commit object
Everything up-to-date
error: cannot run gpg: No such file or directory
error: gpg failed to sign the data
fatal: failed to write commit object
Everything up-to-date
error: cannot run gpg: No such file or directory
error: gpg failed to sign the data
fatal: failed to write commit object
Everything up-to-date
error: cannot run gpg: No such file or directory
error: gpg failed to sign the data
fatal: failed to write commit object
Everything up-to-date
error: cannot run gpg: No such file or directory
error: gpg failed to sign the data
fatal: failed to write commit object
Everything up-to-date
error: cannot run gpg: No such file or directory
error: gpg failed to sign the data
fatal: failed to write commit object
Everything up-to-date
error: cannot run gpg: No such file or directory
error: gpg failed to sign the data
fatal: failed to write commit object
Everything up-to-date
error: cannot run gpg: No such file or directory
error: gpg failed to sign the data
fatal: failed to write commit object
Everything up-to-date
error: cannot run gpg: No such file or directory
error: gpg failed to sign the data
fatal: failed to write commit object
Everything up-to-date
error: cannot run gpg: No such file or directory
error: gpg failed to sign the data
fatal: failed to write commit object
Everything up-to-date
error: cannot run gpg: No such file or directory
error: gpg failed to sign the data
fatal: failed to write commit object
Everything up-to-date
error: cannot run gpg: No such file or directory
error: gpg failed to sign the data
fatal: failed to write commit object
Everything up-to-date
error: cannot run gpg: No such file or directory
error: gpg failed to sign the data
fatal: failed to write commit object
Everything up-to-date
error: cannot run gpg: No such file or directory
error: gpg failed to sign the data
fatal: failed to write commit object
Everything up-to-date
error: cannot run gpg: No such file or directory
error: gpg failed to sign the data
fatal: failed to write commit object
Everything up-to-date
error: cannot run gpg: No such file or directory
error: gpg failed to sign the data
fatal: failed to write commit object
Everything up-to-date
error: cannot run gpg: No such file or directory
error: gpg failed to sign the data
fatal: failed to write commit object
Everything up-to-date
error: cannot run gpg: No such file or directory
error: gpg failed to sign the data
fatal: failed to write commit object
Everything up-to-date
error: cannot run gpg: No such file or directory
error: gpg failed to sign the data
fatal: failed to write commit object
Everything up-to-date
error: cannot run gpg: No such file or directory
error: gpg failed to sign the data
fatal: failed to write commit object
Everything up-to-date
error: cannot run gpg: No such file or directory
error: gpg failed to sign the data
fatal: failed to write commit object
Everything up-to-date
error: cannot run gpg: No such file or directory
error: gpg failed to sign the data
fatal: failed to write commit object
Everything up-to-date
error: cannot run gpg: No such file or directory
error: gpg failed to sign the data
fatal: failed to write commit object
Everything up-to-date
error: cannot run gpg: No such file or directory
error: gpg failed to sign the data
fatal: failed to write commit object
Everything up-to-date
error: cannot run gpg: No such file or directory
error: gpg failed to sign the data
fatal: failed to write commit object
Everything up-to-date
error: cannot run gpg: No such file or directory
error: gpg failed to sign the data
fatal: failed to write commit object
Everything up-to-date
error: cannot run gpg: No such file or directory
error: gpg failed to sign the data
fatal: failed to write commit object
Everything up-to-date
error: cannot run gpg: No such file or directory
error: gpg failed to sign the data
fatal: failed to write commit object
Everything up-to-date
error: cannot run gpg: No such file or directory
error: gpg failed to sign the data
fatal: failed to write commit object
Everything up-to-date
error: cannot run gpg: No such file or directory
error: gpg failed to sign the data
fatal: failed to write commit object
Everything up-to-date
error: cannot run gpg: No such file or directory
error: gpg failed to sign the data
fatal: failed to write commit object
Everything up-to-date
error: cannot run gpg: No such file or directory
error: gpg failed to sign the data
fatal: failed to write commit object
Everything up-to-date
error: cannot run gpg: No such file or directory
error: gpg failed to sign the data
fatal: failed to write commit object
Everything up-to-date
error: cannot run gpg: No such file or directory
error: gpg failed to sign the data
fatal: failed to write commit object
Everything up-to-date
error: cannot run gpg: No such file or directory
error: gpg failed to sign the data
fatal: failed to write commit object
Everything up-to-date
error: cannot run gpg: No such file or directory
error: gpg failed to sign the data
fatal: failed to write commit object
Everything up-to-date
error: cannot run gpg: No such file or directory
error: gpg failed to sign the data
fatal: failed to write commit object
Everything up-to-date
error: cannot run gpg: No such file or directory
error: gpg failed to sign the data
fatal: failed to write commit object
Everything up-to-date
error: cannot run gpg: No such file or directory
error: gpg failed to sign the data
fatal: failed to write commit object
Everything up-to-date
error: cannot run gpg: No such file or directory
error: gpg failed to sign the data
fatal: failed to write commit object
Everything up-to-date
error: cannot run gpg: No such file or directory
error: gpg failed to sign the data
fatal: failed to write commit object
Everything up-to-date
error: cannot run gpg: No such file or directory
error: gpg failed to sign the data
fatal: failed to write commit object
Everything up-to-date
error: cannot run gpg: No such file or directory
error: gpg failed to sign the data
fatal: failed to write commit object
Everything up-to-date
error: cannot run gpg: No such file or directory
error: gpg failed to sign the data
fatal: failed to write commit object
Everything up-to-date
error: cannot run gpg: No such file or directory
error: gpg failed to sign the data
fatal: failed to write commit object
Everything up-to-date
error: cannot run gpg: No such file or directory
error: gpg failed to sign the data
fatal: failed to write commit object
Everything up-to-date
error: cannot run gpg: No such file or directory
error: gpg failed to sign the data
fatal: failed to write commit object
Everything up-to-date
error: cannot run gpg: No such file or directory
error: gpg failed to sign the data
fatal: failed to write commit object
Everything up-to-date
error: cannot run gpg: No such file or directory
error: gpg failed to sign the data
fatal: failed to write commit object
Everything up-to-date
error: cannot run gpg: No such file or directory
error: gpg failed to sign the data
fatal: failed to write commit object
Everything up-to-date
error: cannot run gpg: No such file or directory
error: gpg failed to sign the data
fatal: failed to write commit object
Everything up-to-date
error: cannot run gpg: No such file or directory
error: gpg failed to sign the data
fatal: failed to write commit object
Everything up-to-date
error: cannot run gpg: No such file or directory
error: gpg failed to sign the data
fatal: failed to write commit object
Everything up-to-date
error: cannot run gpg: No such file or directory
error: gpg failed to sign the data
fatal: failed to write commit object
Everything up-to-date
error: cannot run gpg: No such file or directory
error: gpg failed to sign the data
fatal: failed to write commit object
Everything up-to-date
error: cannot run gpg: No such file or directory
error: gpg failed to sign the data
fatal: failed to write commit object
Everything up-to-date
error: cannot run gpg: No such file or directory
error: gpg failed to sign the data
fatal: failed to write commit object
Everything up-to-date
error: cannot run gpg: No such file or directory
error: gpg failed to sign the data
fatal: failed to write commit object
Everything up-to-date
error: cannot run gpg: No such file or directory
error: gpg failed to sign the data
fatal: failed to write commit object
Everything up-to-date
error: cannot run gpg: No such file or directory
error: gpg failed to sign the data
fatal: failed to write commit object
kex_exchange_identification: read: Connection reset by peer
fatal: Could not read from remote repository.

Please make sure you have the correct access rights
and the repository exists.
error: cannot run gpg: No such file or directory
error: gpg failed to sign the data
fatal: failed to write commit object
Everything up-to-date
error: cannot run gpg: No such file or directory
error: gpg failed to sign the data
fatal: failed to write commit object
Everything up-to-date
error: cannot run gpg: No such file or directory
error: gpg failed to sign the data
fatal: failed to write commit object
Everything up-to-date
error: cannot run gpg: No such file or directory
error: gpg failed to sign the data
fatal: failed to write commit object
Everything up-to-date
error: cannot run gpg: No such file or directory
error: gpg failed to sign the data
fatal: failed to write commit object
Everything up-to-date
error: cannot run gpg: No such file or directory
error: gpg failed to sign the data
fatal: failed to write commit object
Everything up-to-date
error: cannot run gpg: No such file or directory
error: gpg failed to sign the data
fatal: failed to write commit object
Everything up-to-date
error: cannot run gpg: No such file or directory
error: gpg failed to sign the data
fatal: failed to write commit object
Everything up-to-date
error: cannot run gpg: No such file or directory
error: gpg failed to sign the data
fatal: failed to write commit object
Everything up-to-date
error: cannot run gpg: No such file or directory
error: gpg failed to sign the data
fatal: failed to write commit object
Everything up-to-date
error: cannot run gpg: No such file or directory
error: gpg failed to sign the data
fatal: failed to write commit object
Everything up-to-date
error: cannot run gpg: No such file or directory
error: gpg failed to sign the data
fatal: failed to write commit object
Everything up-to-date
error: cannot run gpg: No such file or directory
error: gpg failed to sign the data
fatal: failed to write commit object
Everything up-to-date
error: cannot run gpg: No such file or directory
error: gpg failed to sign the data
fatal: failed to write commit object
Everything up-to-date
error: cannot run gpg: No such file or directory
error: gpg failed to sign the data
fatal: failed to write commit object
Everything up-to-date
error: cannot run gpg: No such file or directory
error: gpg failed to sign the data
fatal: failed to write commit object
Everything up-to-date
error: cannot run gpg: No such file or directory
error: gpg failed to sign the data
fatal: failed to write commit object
Everything up-to-date
error: cannot run gpg: No such file or directory
error: gpg failed to sign the data
fatal: failed to write commit object
Everything up-to-date
error: cannot run gpg: No such file or directory
error: gpg failed to sign the data
fatal: failed to write commit object
Everything up-to-date
error: cannot run gpg: No such file or directory
error: gpg failed to sign the data
fatal: failed to write commit object
Everything up-to-date
error: cannot run gpg: No such file or directory
error: gpg failed to sign the data
fatal: failed to write commit object
Everything up-to-date
error: cannot run gpg: No such file or directory
error: gpg failed to sign the data
fatal: failed to write commit object
Everything up-to-date
error: cannot run gpg: No such file or directory
error: gpg failed to sign the data
fatal: failed to write commit object
Everything up-to-date
error: cannot run gpg: No such file or directory
error: gpg failed to sign the data
fatal: failed to write commit object
Everything up-to-date
error: cannot run gpg: No such file or directory
error: gpg failed to sign the data
fatal: failed to write commit object
Everything up-to-date
error: cannot run gpg: No such file or directory
error: gpg failed to sign the data
fatal: failed to write commit object
Everything up-to-date
error: cannot run gpg: No such file or directory
error: gpg failed to sign the data
fatal: failed to write commit object
Everything up-to-date
error: cannot run gpg: No such file or directory
error: gpg failed to sign the data
fatal: failed to write commit object
Everything up-to-date
error: cannot run gpg: No such file or directory
error: gpg failed to sign the data
fatal: failed to write commit object
Everything up-to-date
error: cannot run gpg: No such file or directory
error: gpg failed to sign the data
fatal: failed to write commit object
Everything up-to-date
error: cannot run gpg: No such file or directory
error: gpg failed to sign the data
fatal: failed to write commit object
Everything up-to-date
error: cannot run gpg: No such file or directory
error: gpg failed to sign the data
fatal: failed to write commit object
Everything up-to-date
error: cannot run gpg: No such file or directory
error: gpg failed to sign the data
fatal: failed to write commit object
Everything up-to-date
error: cannot run gpg: No such file or directory
error: gpg failed to sign the data
fatal: failed to write commit object
Everything up-to-date
error: cannot run gpg: No such file or directory
error: gpg failed to sign the data
fatal: failed to write commit object
Everything up-to-date
error: cannot run gpg: No such file or directory
error: gpg failed to sign the data
fatal: failed to write commit object
Everything up-to-date
error: cannot run gpg: No such file or directory
error: gpg failed to sign the data
fatal: failed to write commit object
Everything up-to-date
error: cannot run gpg: No such file or directory
error: gpg failed to sign the data
fatal: failed to write commit object
Everything up-to-date
error: cannot run gpg: No such file or directory
error: gpg failed to sign the data
fatal: failed to write commit object
Everything up-to-date
error: cannot run gpg: No such file or directory
error: gpg failed to sign the data
fatal: failed to write commit object
Everything up-to-date
error: cannot run gpg: No such file or directory
error: gpg failed to sign the data
fatal: failed to write commit object
Everything up-to-date
error: cannot run gpg: No such file or directory
error: gpg failed to sign the data
fatal: failed to write commit object
Everything up-to-date
error: cannot run gpg: No such file or directory
error: gpg failed to sign the data
fatal: failed to write commit object
Everything up-to-date
error: cannot run gpg: No such file or directory
error: gpg failed to sign the data
fatal: failed to write commit object
Everything up-to-date
error: cannot run gpg: No such file or directory
error: gpg failed to sign the data
fatal: failed to write commit object
Everything up-to-date
error: cannot run gpg: No such file or directory
error: gpg failed to sign the data
fatal: failed to write commit object
Everything up-to-date
error: cannot run gpg: No such file or directory
error: gpg failed to sign the data
fatal: failed to write commit object
Everything up-to-date
error: cannot run gpg: No such file or directory
error: gpg failed to sign the data
fatal: failed to write commit object
Everything up-to-date
error: cannot run gpg: No such file or directory
error: gpg failed to sign the data
fatal: failed to write commit object
Everything up-to-date
error: cannot run gpg: No such file or directory
error: gpg failed to sign the data
fatal: failed to write commit object
Everything up-to-date
error: cannot run gpg: No such file or directory
error: gpg failed to sign the data
fatal: failed to write commit object
Everything up-to-date
error: cannot run gpg: No such file or directory
error: gpg failed to sign the data
fatal: failed to write commit object
Everything up-to-date
error: cannot run gpg: No such file or directory
error: gpg failed to sign the data
fatal: failed to write commit object
Everything up-to-date
error: cannot run gpg: No such file or directory
error: gpg failed to sign the data
fatal: failed to write commit object
Everything up-to-date
error: cannot run gpg: No such file or directory
error: gpg failed to sign the data
fatal: failed to write commit object
Everything up-to-date
error: cannot run gpg: No such file or directory
error: gpg failed to sign the data
fatal: failed to write commit object
Everything up-to-date
error: cannot run gpg: No such file or directory
error: gpg failed to sign the data
fatal: failed to write commit object
Everything up-to-date
error: cannot run gpg: No such file or directory
error: gpg failed to sign the data
fatal: failed to write commit object
Everything up-to-date
error: cannot run gpg: No such file or directory
error: gpg failed to sign the data
fatal: failed to write commit object
Everything up-to-date
error: cannot run gpg: No such file or directory
error: gpg failed to sign the data
fatal: failed to write commit object
Everything up-to-date
error: cannot run gpg: No such file or directory
error: gpg failed to sign the data
fatal: failed to write commit object
Everything up-to-date
error: cannot run gpg: No such file or directory
error: gpg failed to sign the data
fatal: failed to write commit object
Everything up-to-date
error: cannot run gpg: No such file or directory
error: gpg failed to sign the data
fatal: failed to write commit object
Everything up-to-date
error: cannot run gpg: No such file or directory
error: gpg failed to sign the data
fatal: failed to write commit object
Everything up-to-date
error: cannot run gpg: No such file or directory
error: gpg failed to sign the data
fatal: failed to write commit object
Everything up-to-date
error: cannot run gpg: No such file or directory
error: gpg failed to sign the data
fatal: failed to write commit object
Everything up-to-date
error: cannot run gpg: No such file or directory
error: gpg failed to sign the data
fatal: failed to write commit object
Everything up-to-date
error: cannot run gpg: No such file or directory
error: gpg failed to sign the data
fatal: failed to write commit object
Everything up-to-date
error: cannot run gpg: No such file or directory
error: gpg failed to sign the data
fatal: failed to write commit object
Everything up-to-date
error: cannot run gpg: No such file or directory
error: gpg failed to sign the data
fatal: failed to write commit object
Everything up-to-date
error: cannot run gpg: No such file or directory
error: gpg failed to sign the data
fatal: failed to write commit object
Everything up-to-date
error: cannot run gpg: No such file or directory
error: gpg failed to sign the data
fatal: failed to write commit object
Everything up-to-date
error: cannot run gpg: No such file or directory
error: gpg failed to sign the data
fatal: failed to write commit object
Everything up-to-date
error: cannot run gpg: No such file or directory
error: gpg failed to sign the data
fatal: failed to write commit object
Everything up-to-date
error: cannot run gpg: No such file or directory
error: gpg failed to sign the data
fatal: failed to write commit object
Everything up-to-date
error: cannot run gpg: No such file or directory
error: gpg failed to sign the data
fatal: failed to write commit object
Everything up-to-date
error: cannot run gpg: No such file or directory
error: gpg failed to sign the data
fatal: failed to write commit object
Everything up-to-date
error: cannot run gpg: No such file or directory
error: gpg failed to sign the data
fatal: failed to write commit object
Everything up-to-date
error: cannot run gpg: No such file or directory
error: gpg failed to sign the data
fatal: failed to write commit object
Everything up-to-date
error: cannot run gpg: No such file or directory
error: gpg failed to sign the data
fatal: failed to write commit object
Everything up-to-date
error: cannot run gpg: No such file or directory
error: gpg failed to sign the data
fatal: failed to write commit object
Everything up-to-date
error: cannot run gpg: No such file or directory
error: gpg failed to sign the data
fatal: failed to write commit object
Everything up-to-date
error: cannot run gpg: No such file or directory
error: gpg failed to sign the data
fatal: failed to write commit object
Everything up-to-date
error: cannot run gpg: No such file or directory
error: gpg failed to sign the data
fatal: failed to write commit object
Everything up-to-date
error: cannot run gpg: No such file or directory
error: gpg failed to sign the data
fatal: failed to write commit object
Everything up-to-date
error: cannot run gpg: No such file or directory
error: gpg failed to sign the data
fatal: failed to write commit object
Everything up-to-date
error: cannot run gpg: No such file or directory
error: gpg failed to sign the data
fatal: failed to write commit object
Everything up-to-date
error: cannot run gpg: No such file or directory
error: gpg failed to sign the data
fatal: failed to write commit object
Everything up-to-date
error: cannot run gpg: No such file or directory
error: gpg failed to sign the data
fatal: failed to write commit object
Everything up-to-date
error: cannot run gpg: No such file or directory
error: gpg failed to sign the data
fatal: failed to write commit object
Everything up-to-date
error: cannot run gpg: No such file or directory
error: gpg failed to sign the data
fatal: failed to write commit object
Everything up-to-date
error: cannot run gpg: No such file or directory
error: gpg failed to sign the data
fatal: failed to write commit object
Everything up-to-date
error: cannot run gpg: No such file or directory
error: gpg failed to sign the data
fatal: failed to write commit object
Everything up-to-date
error: cannot run gpg: No such file or directory
error: gpg failed to sign the data
fatal: failed to write commit object
Everything up-to-date
error: cannot run gpg: No such file or directory
error: gpg failed to sign the data
fatal: failed to write commit object
Everything up-to-date
error: cannot run gpg: No such file or directory
error: gpg failed to sign the data
fatal: failed to write commit object
Everything up-to-date
error: cannot run gpg: No such file or directory
error: gpg failed to sign the data
fatal: failed to write commit object
Everything up-to-date
error: cannot run gpg: No such file or directory
error: gpg failed to sign the data
fatal: failed to write commit object
Everything up-to-date
error: cannot run gpg: No such file or directory
error: gpg failed to sign the data
fatal: failed to write commit object
Everything up-to-date
error: cannot run gpg: No such file or directory
error: gpg failed to sign the data
fatal: failed to write commit object
Everything up-to-date
error: cannot run gpg: No such file or directory
error: gpg failed to sign the data
fatal: failed to write commit object
Everything up-to-date
error: cannot run gpg: No such file or directory
error: gpg failed to sign the data
fatal: failed to write commit object
Everything up-to-date
error: cannot run gpg: No such file or directory
error: gpg failed to sign the data
fatal: failed to write commit object
Everything up-to-date
error: cannot run gpg: No such file or directory
error: gpg failed to sign the data
fatal: failed to write commit object
Everything up-to-date
error: cannot run gpg: No such file or directory
error: gpg failed to sign the data
fatal: failed to write commit object
Everything up-to-date
error: cannot run gpg: No such file or directory
error: gpg failed to sign the data
fatal: failed to write commit object
Everything up-to-date
error: cannot run gpg: No such file or directory
error: gpg failed to sign the data
fatal: failed to write commit object
Everything up-to-date
error: cannot run gpg: No such file or directory
error: gpg failed to sign the data
fatal: failed to write commit object
Everything up-to-date
error: cannot run gpg: No such file or directory
error: gpg failed to sign the data
fatal: failed to write commit object
Everything up-to-date
error: cannot run gpg: No such file or directory
error: gpg failed to sign the data
fatal: failed to write commit object
Everything up-to-date
error: cannot run gpg: No such file or directory
error: gpg failed to sign the data
fatal: failed to write commit object
Everything up-to-date
error: cannot run gpg: No such file or directory
error: gpg failed to sign the data
fatal: failed to write commit object
Everything up-to-date
error: cannot run gpg: No such file or directory
error: gpg failed to sign the data
fatal: failed to write commit object
Everything up-to-date
error: cannot run gpg: No such file or directory
error: gpg failed to sign the data
fatal: failed to write commit object
Everything up-to-date
error: cannot run gpg: No such file or directory
error: gpg failed to sign the data
fatal: failed to write commit object
Everything up-to-date
error: cannot run gpg: No such file or directory
error: gpg failed to sign the data
fatal: failed to write commit object
Everything up-to-date
error: cannot run gpg: No such file or directory
error: gpg failed to sign the data
fatal: failed to write commit object
Everything up-to-date
error: cannot run gpg: No such file or directory
error: gpg failed to sign the data
fatal: failed to write commit object
Everything up-to-date
error: cannot run gpg: No such file or directory
error: gpg failed to sign the data
fatal: failed to write commit object
Everything up-to-date
error: cannot run gpg: No such file or directory
error: gpg failed to sign the data
fatal: failed to write commit object
Everything up-to-date
error: cannot run gpg: No such file or directory
error: gpg failed to sign the data
fatal: failed to write commit object
Everything up-to-date
error: cannot run gpg: No such file or directory
error: gpg failed to sign the data
fatal: failed to write commit object
Everything up-to-date
error: cannot run gpg: No such file or directory
error: gpg failed to sign the data
fatal: failed to write commit object
Everything up-to-date
error: cannot run gpg: No such file or directory
error: gpg failed to sign the data
fatal: failed to write commit object
Everything up-to-date
error: cannot run gpg: No such file or directory
error: gpg failed to sign the data
fatal: failed to write commit object
Everything up-to-date
error: cannot run gpg: No such file or directory
error: gpg failed to sign the data
fatal: failed to write commit object
Everything up-to-date
error: cannot run gpg: No such file or directory
error: gpg failed to sign the data
fatal: failed to write commit object
Everything up-to-date
error: cannot run gpg: No such file or directory
error: gpg failed to sign the data
fatal: failed to write commit object
Everything up-to-date
error: cannot run gpg: No such file or directory
error: gpg failed to sign the data
fatal: failed to write commit object
Everything up-to-date
error: cannot run gpg: No such file or directory
error: gpg failed to sign the data
fatal: failed to write commit object
Everything up-to-date
error: cannot run gpg: No such file or directory
error: gpg failed to sign the data
fatal: failed to write commit object
Everything up-to-date
error: cannot run gpg: No such file or directory
error: gpg failed to sign the data
fatal: failed to write commit object
Everything up-to-date
error: cannot run gpg: No such file or directory
error: gpg failed to sign the data
fatal: failed to write commit object
Everything up-to-date
error: cannot run gpg: No such file or directory
error: gpg failed to sign the data
fatal: failed to write commit object
Everything up-to-date
error: cannot run gpg: No such file or directory
error: gpg failed to sign the data
fatal: failed to write commit object
Everything up-to-date
error: cannot run gpg: No such file or directory
error: gpg failed to sign the data
fatal: failed to write commit object
Everything up-to-date
error: cannot run gpg: No such file or directory
error: gpg failed to sign the data
fatal: failed to write commit object
Everything up-to-date
error: cannot run gpg: No such file or directory
error: gpg failed to sign the data
fatal: failed to write commit object
Everything up-to-date
error: cannot run gpg: No such file or directory
error: gpg failed to sign the data
fatal: failed to write commit object
Everything up-to-date
error: cannot run gpg: No such file or directory
error: gpg failed to sign the data
fatal: failed to write commit object
Everything up-to-date
error: cannot run gpg: No such file or directory
error: gpg failed to sign the data
fatal: failed to write commit object
Everything up-to-date
error: cannot run gpg: No such file or directory
error: gpg failed to sign the data
fatal: failed to write commit object
Everything up-to-date
error: cannot run gpg: No such file or directory
error: gpg failed to sign the data
fatal: failed to write commit object
Everything up-to-date
error: cannot run gpg: No such file or directory
error: gpg failed to sign the data
fatal: failed to write commit object
Everything up-to-date
error: cannot run gpg: No such file or directory
error: gpg failed to sign the data
fatal: failed to write commit object
Everything up-to-date
error: cannot run gpg: No such file or directory
error: gpg failed to sign the data
fatal: failed to write commit object
Everything up-to-date
error: cannot run gpg: No such file or directory
error: gpg failed to sign the data
fatal: failed to write commit object
Everything up-to-date
error: cannot run gpg: No such file or directory
error: gpg failed to sign the data
fatal: failed to write commit object
Everything up-to-date
error: cannot run gpg: No such file or directory
error: gpg failed to sign the data
fatal: failed to write commit object
Everything up-to-date
error: cannot run gpg: No such file or directory
error: gpg failed to sign the data
fatal: failed to write commit object
Everything up-to-date
error: cannot run gpg: No such file or directory
error: gpg failed to sign the data
fatal: failed to write commit object
Everything up-to-date
error: cannot run gpg: No such file or directory
error: gpg failed to sign the data
fatal: failed to write commit object
Everything up-to-date
error: cannot run gpg: No such file or directory
error: gpg failed to sign the data
fatal: failed to write commit object
Everything up-to-date
error: cannot run gpg: No such file or directory
error: gpg failed to sign the data
fatal: failed to write commit object
Everything up-to-date
error: cannot run gpg: No such file or directory
error: gpg failed to sign the data
fatal: failed to write commit object
Everything up-to-date
error: cannot run gpg: No such file or directory
error: gpg failed to sign the data
fatal: failed to write commit object
Everything up-to-date
error: cannot run gpg: No such file or directory
error: gpg failed to sign the data
fatal: failed to write commit object
Everything up-to-date
error: cannot run gpg: No such file or directory
error: gpg failed to sign the data
fatal: failed to write commit object
Everything up-to-date
error: cannot run gpg: No such file or directory
error: gpg failed to sign the data
fatal: failed to write commit object
Everything up-to-date
error: cannot run gpg: No such file or directory
error: gpg failed to sign the data
fatal: failed to write commit object
Everything up-to-date
error: cannot run gpg: No such file or directory
error: gpg failed to sign the data
fatal: failed to write commit object
Everything up-to-date
error: cannot run gpg: No such file or directory
error: gpg failed to sign the data
fatal: failed to write commit object
Everything up-to-date
error: cannot run gpg: No such file or directory
error: gpg failed to sign the data
fatal: failed to write commit object
Everything up-to-date
error: cannot run gpg: No such file or directory
error: gpg failed to sign the data
fatal: failed to write commit object
Everything up-to-date
error: cannot run gpg: No such file or directory
error: gpg failed to sign the data
fatal: failed to write commit object
Everything up-to-date
error: cannot run gpg: No such file or directory
error: gpg failed to sign the data
fatal: failed to write commit object
Everything up-to-date
error: cannot run gpg: No such file or directory
error: gpg failed to sign the data
fatal: failed to write commit object
Everything up-to-date
error: cannot run gpg: No such file or directory
error: gpg failed to sign the data
fatal: failed to write commit object
Everything up-to-date
error: cannot run gpg: No such file or directory
error: gpg failed to sign the data
fatal: failed to write commit object
Everything up-to-date
error: cannot run gpg: No such file or directory
error: gpg failed to sign the data
fatal: failed to write commit object
Everything up-to-date
error: cannot run gpg: No such file or directory
error: gpg failed to sign the data
fatal: failed to write commit object
Everything up-to-date
error: cannot run gpg: No such file or directory
error: gpg failed to sign the data
fatal: failed to write commit object
Everything up-to-date
error: cannot run gpg: No such file or directory
error: gpg failed to sign the data
fatal: failed to write commit object
Everything up-to-date
error: cannot run gpg: No such file or directory
error: gpg failed to sign the data
fatal: failed to write commit object
Everything up-to-date
error: cannot run gpg: No such file or directory
error: gpg failed to sign the data
fatal: failed to write commit object
Everything up-to-date
error: cannot run gpg: No such file or directory
error: gpg failed to sign the data
fatal: failed to write commit object
Everything up-to-date
error: cannot run gpg: No such file or directory
error: gpg failed to sign the data
fatal: failed to write commit object
Everything up-to-date
error: cannot run gpg: No such file or directory
error: gpg failed to sign the data
fatal: failed to write commit object
Everything up-to-date
error: cannot run gpg: No such file or directory
error: gpg failed to sign the data
fatal: failed to write commit object
Everything up-to-date
error: cannot run gpg: No such file or directory
error: gpg failed to sign the data
fatal: failed to write commit object
Everything up-to-date
error: cannot run gpg: No such file or directory
error: gpg failed to sign the data
fatal: failed to write commit object
Everything up-to-date
error: cannot run gpg: No such file or directory
error: gpg failed to sign the data
fatal: failed to write commit object
Everything up-to-date
error: cannot run gpg: No such file or directory
error: gpg failed to sign the data
fatal: failed to write commit object
Everything up-to-date
error: cannot run gpg: No such file or directory
error: gpg failed to sign the data
fatal: failed to write commit object
Everything up-to-date
error: cannot run gpg: No such file or directory
error: gpg failed to sign the data
fatal: failed to write commit object
Everything up-to-date
error: cannot run gpg: No such file or directory
error: gpg failed to sign the data
fatal: failed to write commit object
Everything up-to-date
error: cannot run gpg: No such file or directory
error: gpg failed to sign the data
fatal: failed to write commit object
Everything up-to-date
error: cannot run gpg: No such file or directory
error: gpg failed to sign the data
fatal: failed to write commit object
Everything up-to-date
error: cannot run gpg: No such file or directory
error: gpg failed to sign the data
fatal: failed to write commit object
Everything up-to-date
error: cannot run gpg: No such file or directory
error: gpg failed to sign the data
fatal: failed to write commit object
Everything up-to-date
error: cannot run gpg: No such file or directory
error: gpg failed to sign the data
fatal: failed to write commit object
Everything up-to-date
error: cannot run gpg: No such file or directory
error: gpg failed to sign the data
fatal: failed to write commit object
Everything up-to-date
error: cannot run gpg: No such file or directory
error: gpg failed to sign the data
fatal: failed to write commit object
Everything up-to-date
error: cannot run gpg: No such file or directory
error: gpg failed to sign the data
fatal: failed to write commit object
Everything up-to-date
error: cannot run gpg: No such file or directory
error: gpg failed to sign the data
fatal: failed to write commit object
Everything up-to-date
error: cannot run gpg: No such file or directory
error: gpg failed to sign the data
fatal: failed to write commit object
Everything up-to-date
error: cannot run gpg: No such file or directory
error: gpg failed to sign the data
fatal: failed to write commit object
Everything up-to-date
error: cannot run gpg: No such file or directory
error: gpg failed to sign the data
fatal: failed to write commit object
Everything up-to-date
error: cannot run gpg: No such file or directory
error: gpg failed to sign the data
fatal: failed to write commit object
Everything up-to-date
error: cannot run gpg: No such file or directory
error: gpg failed to sign the data
fatal: failed to write commit object
Everything up-to-date
error: cannot run gpg: No such file or directory
error: gpg failed to sign the data
fatal: failed to write commit object
Everything up-to-date
error: cannot run gpg: No such file or directory
error: gpg failed to sign the data
fatal: failed to write commit object
Everything up-to-date
error: cannot run gpg: No such file or directory
error: gpg failed to sign the data
fatal: failed to write commit object
Everything up-to-date
error: cannot run gpg: No such file or directory
error: gpg failed to sign the data
fatal: failed to write commit object
Everything up-to-date
error: cannot run gpg: No such file or directory
error: gpg failed to sign the data
fatal: failed to write commit object
Everything up-to-date
error: cannot run gpg: No such file or directory
error: gpg failed to sign the data
fatal: failed to write commit object
Everything up-to-date
error: cannot run gpg: No such file or directory
error: gpg failed to sign the data
fatal: failed to write commit object
Everything up-to-date
error: cannot run gpg: No such file or directory
error: gpg failed to sign the data
fatal: failed to write commit object
Everything up-to-date
error: cannot run gpg: No such file or directory
error: gpg failed to sign the data
fatal: failed to write commit object
Everything up-to-date
error: cannot run gpg: No such file or directory
error: gpg failed to sign the data
fatal: failed to write commit object
Everything up-to-date
error: cannot run gpg: No such file or directory
error: gpg failed to sign the data
fatal: failed to write commit object
Everything up-to-date
error: cannot run gpg: No such file or directory
error: gpg failed to sign the data
fatal: failed to write commit object
Everything up-to-date
error: cannot run gpg: No such file or directory
error: gpg failed to sign the data
fatal: failed to write commit object
Everything up-to-date
error: cannot run gpg: No such file or directory
error: gpg failed to sign the data
fatal: failed to write commit object
Everything up-to-date
error: cannot run gpg: No such file or directory
error: gpg failed to sign the data
fatal: failed to write commit object
Everything up-to-date
error: cannot run gpg: No such file or directory
error: gpg failed to sign the data
fatal: failed to write commit object
Everything up-to-date
error: cannot run gpg: No such file or directory
error: gpg failed to sign the data
fatal: failed to write commit object
Everything up-to-date
error: cannot run gpg: No such file or directory
error: gpg failed to sign the data
fatal: failed to write commit object
Everything up-to-date
error: cannot run gpg: No such file or directory
error: gpg failed to sign the data
fatal: failed to write commit object
Everything up-to-date
error: cannot run gpg: No such file or directory
error: gpg failed to sign the data
fatal: failed to write commit object
Everything up-to-date
error: cannot run gpg: No such file or directory
error: gpg failed to sign the data
fatal: failed to write commit object
Everything up-to-date
error: cannot run gpg: No such file or directory
error: gpg failed to sign the data
fatal: failed to write commit object
Everything up-to-date
error: cannot run gpg: No such file or directory
error: gpg failed to sign the data
fatal: failed to write commit object
Everything up-to-date
error: cannot run gpg: No such file or directory
error: gpg failed to sign the data
fatal: failed to write commit object
Everything up-to-date
error: cannot run gpg: No such file or directory
error: gpg failed to sign the data
fatal: failed to write commit object
Everything up-to-date
error: cannot run gpg: No such file or directory
error: gpg failed to sign the data
fatal: failed to write commit object
Everything up-to-date
error: cannot run gpg: No such file or directory
error: gpg failed to sign the data
fatal: failed to write commit object
Everything up-to-date
error: cannot run gpg: No such file or directory
error: gpg failed to sign the data
fatal: failed to write commit object
Everything up-to-date
error: cannot run gpg: No such file or directory
error: gpg failed to sign the data
fatal: failed to write commit object
Everything up-to-date
error: cannot run gpg: No such file or directory
error: gpg failed to sign the data
fatal: failed to write commit object
Everything up-to-date
error: cannot run gpg: No such file or directory
error: gpg failed to sign the data
fatal: failed to write commit object
Everything up-to-date
error: cannot run gpg: No such file or directory
error: gpg failed to sign the data
fatal: failed to write commit object
Everything up-to-date
error: cannot run gpg: No such file or directory
error: gpg failed to sign the data
fatal: failed to write commit object
Everything up-to-date
error: cannot run gpg: No such file or directory
error: gpg failed to sign the data
fatal: failed to write commit object
Everything up-to-date
error: cannot run gpg: No such file or directory
error: gpg failed to sign the data
fatal: failed to write commit object
Everything up-to-date
error: cannot run gpg: No such file or directory
error: gpg failed to sign the data
fatal: failed to write commit object
Everything up-to-date
error: cannot run gpg: No such file or directory
error: gpg failed to sign the data
fatal: failed to write commit object
Everything up-to-date
error: cannot run gpg: No such file or directory
error: gpg failed to sign the data
fatal: failed to write commit object
Everything up-to-date
error: cannot run gpg: No such file or directory
error: gpg failed to sign the data
fatal: failed to write commit object
Everything up-to-date
error: cannot run gpg: No such file or directory
error: gpg failed to sign the data
fatal: failed to write commit object
Everything up-to-date
error: cannot run gpg: No such file or directory
error: gpg failed to sign the data
fatal: failed to write commit object
Everything up-to-date
error: cannot run gpg: No such file or directory
error: gpg failed to sign the data
fatal: failed to write commit object
Everything up-to-date
error: cannot run gpg: No such file or directory
error: gpg failed to sign the data
fatal: failed to write commit object
Everything up-to-date
error: cannot run gpg: No such file or directory
error: gpg failed to sign the data
fatal: failed to write commit object
Everything up-to-date
error: cannot run gpg: No such file or directory
error: gpg failed to sign the data
fatal: failed to write commit object
Everything up-to-date
error: cannot run gpg: No such file or directory
error: gpg failed to sign the data
fatal: failed to write commit object
Everything up-to-date
error: cannot run gpg: No such file or directory
error: gpg failed to sign the data
fatal: failed to write commit object
Everything up-to-date
error: cannot run gpg: No such file or directory
error: gpg failed to sign the data
fatal: failed to write commit object
Everything up-to-date
error: cannot run gpg: No such file or directory
error: gpg failed to sign the data
fatal: failed to write commit object
Everything up-to-date
error: cannot run gpg: No such file or directory
error: gpg failed to sign the data
fatal: failed to write commit object
Everything up-to-date
error: cannot run gpg: No such file or directory
error: gpg failed to sign the data
fatal: failed to write commit object
Everything up-to-date
error: cannot run gpg: No such file or directory
error: gpg failed to sign the data
fatal: failed to write commit object
Everything up-to-date
error: cannot run gpg: No such file or directory
error: gpg failed to sign the data
fatal: failed to write commit object
Everything up-to-date
error: cannot run gpg: No such file or directory
error: gpg failed to sign the data
fatal: failed to write commit object
Everything up-to-date
error: cannot run gpg: No such file or directory
error: gpg failed to sign the data
fatal: failed to write commit object
Everything up-to-date
error: cannot run gpg: No such file or directory
error: gpg failed to sign the data
fatal: failed to write commit object
Everything up-to-date
error: cannot run gpg: No such file or directory
error: gpg failed to sign the data
fatal: failed to write commit object
Everything up-to-date
error: cannot run gpg: No such file or directory
error: gpg failed to sign the data
fatal: failed to write commit object
Everything up-to-date
error: cannot run gpg: No such file or directory
error: gpg failed to sign the data
fatal: failed to write commit object
Everything up-to-date
error: cannot run gpg: No such file or directory
error: gpg failed to sign the data
fatal: failed to write commit object
Everything up-to-date
error: cannot run gpg: No such file or directory
error: gpg failed to sign the data
fatal: failed to write commit object
Everything up-to-date
error: cannot run gpg: No such file or directory
error: gpg failed to sign the data
fatal: failed to write commit object
Everything up-to-date
error: cannot run gpg: No such file or directory
error: gpg failed to sign the data
fatal: failed to write commit object
Everything up-to-date
error: cannot run gpg: No such file or directory
error: gpg failed to sign the data
fatal: failed to write commit object
Everything up-to-date
error: cannot run gpg: No such file or directory
error: gpg failed to sign the data
fatal: failed to write commit object
Everything up-to-date
error: cannot run gpg: No such file or directory
error: gpg failed to sign the data
fatal: failed to write commit object
Everything up-to-date
error: cannot run gpg: No such file or directory
error: gpg failed to sign the data
fatal: failed to write commit object
Everything up-to-date
error: cannot run gpg: No such file or directory
error: gpg failed to sign the data
fatal: failed to write commit object
Everything up-to-date
error: cannot run gpg: No such file or directory
error: gpg failed to sign the data
fatal: failed to write commit object
Everything up-to-date
error: cannot run gpg: No such file or directory
error: gpg failed to sign the data
fatal: failed to write commit object
Everything up-to-date
error: cannot run gpg: No such file or directory
error: gpg failed to sign the data
fatal: failed to write commit object
Everything up-to-date
error: cannot run gpg: No such file or directory
error: gpg failed to sign the data
fatal: failed to write commit object
Everything up-to-date
error: cannot run gpg: No such file or directory
error: gpg failed to sign the data
fatal: failed to write commit object
Everything up-to-date
error: cannot run gpg: No such file or directory
error: gpg failed to sign the data
fatal: failed to write commit object
Everything up-to-date
error: cannot run gpg: No such file or directory
error: gpg failed to sign the data
fatal: failed to write commit object
Everything up-to-date
error: cannot run gpg: No such file or directory
error: gpg failed to sign the data
fatal: failed to write commit object
Everything up-to-date
error: cannot run gpg: No such file or directory
error: gpg failed to sign the data
fatal: failed to write commit object
Everything up-to-date
error: cannot run gpg: No such file or directory
error: gpg failed to sign the data
fatal: failed to write commit object
Everything up-to-date
error: cannot run gpg: No such file or directory
error: gpg failed to sign the data
fatal: failed to write commit object
Everything up-to-date
error: cannot run gpg: No such file or directory
error: gpg failed to sign the data
fatal: failed to write commit object
Everything up-to-date
error: cannot run gpg: No such file or directory
error: gpg failed to sign the data
fatal: failed to write commit object
Everything up-to-date
error: cannot run gpg: No such file or directory
error: gpg failed to sign the data
fatal: failed to write commit object
Everything up-to-date
error: cannot run gpg: No such file or directory
error: gpg failed to sign the data
fatal: failed to write commit object
Everything up-to-date
error: cannot run gpg: No such file or directory
error: gpg failed to sign the data
fatal: failed to write commit object
Everything up-to-date
error: cannot run gpg: No such file or directory
error: gpg failed to sign the data
fatal: failed to write commit object
Everything up-to-date
error: cannot run gpg: No such file or directory
error: gpg failed to sign the data
fatal: failed to write commit object
Everything up-to-date
error: cannot run gpg: No such file or directory
error: gpg failed to sign the data
fatal: failed to write commit object
Everything up-to-date
error: cannot run gpg: No such file or directory
error: gpg failed to sign the data
fatal: failed to write commit object
Everything up-to-date
error: cannot run gpg: No such file or directory
error: gpg failed to sign the data
fatal: failed to write commit object
Everything up-to-date
error: cannot run gpg: No such file or directory
error: gpg failed to sign the data
fatal: failed to write commit object
Everything up-to-date
error: cannot run gpg: No such file or directory
error: gpg failed to sign the data
fatal: failed to write commit object
Everything up-to-date
error: cannot run gpg: No such file or directory
error: gpg failed to sign the data
fatal: failed to write commit object
Everything up-to-date
error: cannot run gpg: No such file or directory
error: gpg failed to sign the data
fatal: failed to write commit object
Everything up-to-date
error: cannot run gpg: No such file or directory
error: gpg failed to sign the data
fatal: failed to write commit object
Everything up-to-date
error: cannot run gpg: No such file or directory
error: gpg failed to sign the data
fatal: failed to write commit object
Everything up-to-date
error: cannot run gpg: No such file or directory
error: gpg failed to sign the data
fatal: failed to write commit object
Everything up-to-date
error: cannot run gpg: No such file or directory
error: gpg failed to sign the data
fatal: failed to write commit object
Everything up-to-date
error: cannot run gpg: No such file or directory
error: gpg failed to sign the data
fatal: failed to write commit object
Everything up-to-date
error: cannot run gpg: No such file or directory
error: gpg failed to sign the data
fatal: failed to write commit object
Everything up-to-date
error: cannot run gpg: No such file or directory
error: gpg failed to sign the data
fatal: failed to write commit object
Everything up-to-date
error: cannot run gpg: No such file or directory
error: gpg failed to sign the data
fatal: failed to write commit object
Everything up-to-date
error: cannot run gpg: No such file or directory
error: gpg failed to sign the data
fatal: failed to write commit object
Everything up-to-date
error: cannot run gpg: No such file or directory
error: gpg failed to sign the data
fatal: failed to write commit object
Everything up-to-date
error: cannot run gpg: No such file or directory
error: gpg failed to sign the data
fatal: failed to write commit object
Everything up-to-date
error: cannot run gpg: No such file or directory
error: gpg failed to sign the data
fatal: failed to write commit object
Everything up-to-date
error: cannot run gpg: No such file or directory
error: gpg failed to sign the data
fatal: failed to write commit object
Everything up-to-date
error: cannot run gpg: No such file or directory
error: gpg failed to sign the data
fatal: failed to write commit object
Everything up-to-date
error: cannot run gpg: No such file or directory
error: gpg failed to sign the data
fatal: failed to write commit object
Everything up-to-date
error: cannot run gpg: No such file or directory
error: gpg failed to sign the data
fatal: failed to write commit object
Everything up-to-date
error: cannot run gpg: No such file or directory
error: gpg failed to sign the data
fatal: failed to write commit object
Everything up-to-date
error: cannot run gpg: No such file or directory
error: gpg failed to sign the data
fatal: failed to write commit object
Everything up-to-date
error: cannot run gpg: No such file or directory
error: gpg failed to sign the data
fatal: failed to write commit object
Everything up-to-date
error: cannot run gpg: No such file or directory
error: gpg failed to sign the data
fatal: failed to write commit object
Everything up-to-date
error: cannot run gpg: No such file or directory
error: gpg failed to sign the data
fatal: failed to write commit object
Everything up-to-date
error: cannot run gpg: No such file or directory
error: gpg failed to sign the data
fatal: failed to write commit object
Everything up-to-date
error: cannot run gpg: No such file or directory
error: gpg failed to sign the data
fatal: failed to write commit object
Everything up-to-date
error: cannot run gpg: No such file or directory
error: gpg failed to sign the data
fatal: failed to write commit object
Everything up-to-date
error: cannot run gpg: No such file or directory
error: gpg failed to sign the data
fatal: failed to write commit object
Everything up-to-date
error: cannot run gpg: No such file or directory
error: gpg failed to sign the data
fatal: failed to write commit object
Everything up-to-date
error: cannot run gpg: No such file or directory
error: gpg failed to sign the data
fatal: failed to write commit object
Everything up-to-date
error: cannot run gpg: No such file or directory
error: gpg failed to sign the data
fatal: failed to write commit object
Everything up-to-date
error: cannot run gpg: No such file or directory
error: gpg failed to sign the data
fatal: failed to write commit object
Everything up-to-date
error: cannot run gpg: No such file or directory
error: gpg failed to sign the data
fatal: failed to write commit object
Everything up-to-date
error: cannot run gpg: No such file or directory
error: gpg failed to sign the data
fatal: failed to write commit object
Everything up-to-date
error: cannot run gpg: No such file or directory
error: gpg failed to sign the data
fatal: failed to write commit object
Everything up-to-date
error: cannot run gpg: No such file or directory
error: gpg failed to sign the data
fatal: failed to write commit object
Everything up-to-date
error: cannot run gpg: No such file or directory
error: gpg failed to sign the data
fatal: failed to write commit object
Everything up-to-date
error: cannot run gpg: No such file or directory
error: gpg failed to sign the data
fatal: failed to write commit object
Everything up-to-date
error: cannot run gpg: No such file or directory
error: gpg failed to sign the data
fatal: failed to write commit object
Everything up-to-date
error: cannot run gpg: No such file or directory
error: gpg failed to sign the data
fatal: failed to write commit object
Everything up-to-date
error: cannot run gpg: No such file or directory
error: gpg failed to sign the data
fatal: failed to write commit object
Everything up-to-date
error: cannot run gpg: No such file or directory
error: gpg failed to sign the data
fatal: failed to write commit object
Everything up-to-date
error: cannot run gpg: No such file or directory
error: gpg failed to sign the data
fatal: failed to write commit object
Everything up-to-date
error: cannot run gpg: No such file or directory
error: gpg failed to sign the data
fatal: failed to write commit object
Everything up-to-date
error: cannot run gpg: No such file or directory
error: gpg failed to sign the data
fatal: failed to write commit object
Everything up-to-date
error: cannot run gpg: No such file or directory
error: gpg failed to sign the data
fatal: failed to write commit object
Everything up-to-date
error: cannot run gpg: No such file or directory
error: gpg failed to sign the data
fatal: failed to write commit object
Everything up-to-date
error: cannot run gpg: No such file or directory
error: gpg failed to sign the data
fatal: failed to write commit object
Everything up-to-date
error: cannot run gpg: No such file or directory
error: gpg failed to sign the data
fatal: failed to write commit object
Everything up-to-date
error: cannot run gpg: No such file or directory
error: gpg failed to sign the data
fatal: failed to write commit object
Everything up-to-date
error: cannot run gpg: No such file or directory
error: gpg failed to sign the data
fatal: failed to write commit object
Everything up-to-date
error: cannot run gpg: No such file or directory
error: gpg failed to sign the data
fatal: failed to write commit object
Everything up-to-date
error: cannot run gpg: No such file or directory
error: gpg failed to sign the data
fatal: failed to write commit object
Everything up-to-date
error: cannot run gpg: No such file or directory
error: gpg failed to sign the data
fatal: failed to write commit object
Everything up-to-date
error: cannot run gpg: No such file or directory
error: gpg failed to sign the data
fatal: failed to write commit object
Everything up-to-date
error: cannot run gpg: No such file or directory
error: gpg failed to sign the data
fatal: failed to write commit object
Everything up-to-date
error: cannot run gpg: No such file or directory
error: gpg failed to sign the data
fatal: failed to write commit object
Everything up-to-date
error: cannot run gpg: No such file or directory
error: gpg failed to sign the data
fatal: failed to write commit object
Everything up-to-date
error: cannot run gpg: No such file or directory
error: gpg failed to sign the data
fatal: failed to write commit object
Everything up-to-date
error: cannot run gpg: No such file or directory
error: gpg failed to sign the data
fatal: failed to write commit object
Everything up-to-date
error: cannot run gpg: No such file or directory
error: gpg failed to sign the data
fatal: failed to write commit object
Everything up-to-date
error: cannot run gpg: No such file or directory
error: gpg failed to sign the data
fatal: failed to write commit object
Everything up-to-date
error: cannot run gpg: No such file or directory
error: gpg failed to sign the data
fatal: failed to write commit object
Everything up-to-date
error: cannot run gpg: No such file or directory
error: gpg failed to sign the data
fatal: failed to write commit object
Everything up-to-date
error: cannot run gpg: No such file or directory
error: gpg failed to sign the data
fatal: failed to write commit object
Everything up-to-date
error: cannot run gpg: No such file or directory
error: gpg failed to sign the data
fatal: failed to write commit object
Everything up-to-date
error: cannot run gpg: No such file or directory
error: gpg failed to sign the data
fatal: failed to write commit object
Everything up-to-date
error: cannot run gpg: No such file or directory
error: gpg failed to sign the data
fatal: failed to write commit object
Everything up-to-date
error: cannot run gpg: No such file or directory
error: gpg failed to sign the data
fatal: failed to write commit object
Everything up-to-date
error: cannot run gpg: No such file or directory
error: gpg failed to sign the data
fatal: failed to write commit object
Everything up-to-date
error: cannot run gpg: No such file or directory
error: gpg failed to sign the data
fatal: failed to write commit object
Everything up-to-date
error: cannot run gpg: No such file or directory
error: gpg failed to sign the data
fatal: failed to write commit object
Everything up-to-date
error: cannot run gpg: No such file or directory
error: gpg failed to sign the data
fatal: failed to write commit object
Everything up-to-date
error: cannot run gpg: No such file or directory
error: gpg failed to sign the data
fatal: failed to write commit object
Everything up-to-date
error: cannot run gpg: No such file or directory
error: gpg failed to sign the data
fatal: failed to write commit object
Everything up-to-date
error: cannot run gpg: No such file or directory
error: gpg failed to sign the data
fatal: failed to write commit object
Everything up-to-date
error: cannot run gpg: No such file or directory
error: gpg failed to sign the data
fatal: failed to write commit object
Everything up-to-date
error: cannot run gpg: No such file or directory
error: gpg failed to sign the data
fatal: failed to write commit object
Everything up-to-date
error: cannot run gpg: No such file or directory
error: gpg failed to sign the data
fatal: failed to write commit object
Everything up-to-date
error: cannot run gpg: No such file or directory
error: gpg failed to sign the data
fatal: failed to write commit object
Everything up-to-date
error: cannot run gpg: No such file or directory
error: gpg failed to sign the data
fatal: failed to write commit object
Everything up-to-date
error: cannot run gpg: No such file or directory
error: gpg failed to sign the data
fatal: failed to write commit object
Everything up-to-date
error: cannot run gpg: No such file or directory
error: gpg failed to sign the data
fatal: failed to write commit object
Everything up-to-date
error: cannot run gpg: No such file or directory
error: gpg failed to sign the data
fatal: failed to write commit object
Everything up-to-date
error: cannot run gpg: No such file or directory
error: gpg failed to sign the data
fatal: failed to write commit object
Everything up-to-date
error: cannot run gpg: No such file or directory
error: gpg failed to sign the data
fatal: failed to write commit object
Everything up-to-date
error: cannot run gpg: No such file or directory
error: gpg failed to sign the data
fatal: failed to write commit object
Everything up-to-date
error: cannot run gpg: No such file or directory
error: gpg failed to sign the data
fatal: failed to write commit object
Everything up-to-date
error: cannot run gpg: No such file or directory
error: gpg failed to sign the data
fatal: failed to write commit object
Everything up-to-date
error: cannot run gpg: No such file or directory
error: gpg failed to sign the data
fatal: failed to write commit object
Everything up-to-date
error: cannot run gpg: No such file or directory
error: gpg failed to sign the data
fatal: failed to write commit object
Everything up-to-date
error: cannot run gpg: No such file or directory
error: gpg failed to sign the data
fatal: failed to write commit object
Everything up-to-date
error: cannot run gpg: No such file or directory
error: gpg failed to sign the data
fatal: failed to write commit object
Everything up-to-date
error: cannot run gpg: No such file or directory
error: gpg failed to sign the data
fatal: failed to write commit object
Everything up-to-date
error: cannot run gpg: No such file or directory
error: gpg failed to sign the data
fatal: failed to write commit object
Everything up-to-date
error: cannot run gpg: No such file or directory
error: gpg failed to sign the data
fatal: failed to write commit object
Everything up-to-date
error: cannot run gpg: No such file or directory
error: gpg failed to sign the data
fatal: failed to write commit object
Everything up-to-date
error: cannot run gpg: No such file or directory
error: gpg failed to sign the data
fatal: failed to write commit object
Everything up-to-date
error: cannot run gpg: No such file or directory
error: gpg failed to sign the data
fatal: failed to write commit object
Everything up-to-date
error: cannot run gpg: No such file or directory
error: gpg failed to sign the data
fatal: failed to write commit object
Everything up-to-date
error: cannot run gpg: No such file or directory
error: gpg failed to sign the data
fatal: failed to write commit object
Everything up-to-date
error: cannot run gpg: No such file or directory
error: gpg failed to sign the data
fatal: failed to write commit object
Everything up-to-date
error: cannot run gpg: No such file or directory
error: gpg failed to sign the data
fatal: failed to write commit object
Everything up-to-date
error: cannot run gpg: No such file or directory
error: gpg failed to sign the data
fatal: failed to write commit object
Everything up-to-date
error: cannot run gpg: No such file or directory
error: gpg failed to sign the data
fatal: failed to write commit object
Everything up-to-date
error: cannot run gpg: No such file or directory
error: gpg failed to sign the data
fatal: failed to write commit object
Everything up-to-date
error: cannot run gpg: No such file or directory
error: gpg failed to sign the data
fatal: failed to write commit object
Everything up-to-date
error: cannot run gpg: No such file or directory
error: gpg failed to sign the data
fatal: failed to write commit object
Everything up-to-date
error: cannot run gpg: No such file or directory
error: gpg failed to sign the data
fatal: failed to write commit object
Everything up-to-date
error: cannot run gpg: No such file or directory
error: gpg failed to sign the data
fatal: failed to write commit object
Everything up-to-date
error: cannot run gpg: No such file or directory
error: gpg failed to sign the data
fatal: failed to write commit object
Everything up-to-date
error: cannot run gpg: No such file or directory
error: gpg failed to sign the data
fatal: failed to write commit object
Everything up-to-date
error: cannot run gpg: No such file or directory
error: gpg failed to sign the data
fatal: failed to write commit object
Everything up-to-date
error: cannot run gpg: No such file or directory
error: gpg failed to sign the data
fatal: failed to write commit object
Everything up-to-date
error: cannot run gpg: No such file or directory
error: gpg failed to sign the data
fatal: failed to write commit object
Everything up-to-date
error: cannot run gpg: No such file or directory
error: gpg failed to sign the data
fatal: failed to write commit object
Everything up-to-date
error: cannot run gpg: No such file or directory
error: gpg failed to sign the data
fatal: failed to write commit object
Everything up-to-date
error: cannot run gpg: No such file or directory
error: gpg failed to sign the data
fatal: failed to write commit object
Everything up-to-date
error: cannot run gpg: No such file or directory
error: gpg failed to sign the data
fatal: failed to write commit object
Everything up-to-date
error: cannot run gpg: No such file or directory
error: gpg failed to sign the data
fatal: failed to write commit object
Everything up-to-date
error: cannot run gpg: No such file or directory
error: gpg failed to sign the data
fatal: failed to write commit object
Everything up-to-date
error: cannot run gpg: No such file or directory
error: gpg failed to sign the data
fatal: failed to write commit object
Everything up-to-date
error: cannot run gpg: No such file or directory
error: gpg failed to sign the data
fatal: failed to write commit object
Everything up-to-date
error: cannot run gpg: No such file or directory
error: gpg failed to sign the data
fatal: failed to write commit object
Everything up-to-date
error: cannot run gpg: No such file or directory
error: gpg failed to sign the data
fatal: failed to write commit object
Everything up-to-date
error: cannot run gpg: No such file or directory
error: gpg failed to sign the data
fatal: failed to write commit object
Everything up-to-date
error: cannot run gpg: No such file or directory
error: gpg failed to sign the data
fatal: failed to write commit object
Everything up-to-date
error: cannot run gpg: No such file or directory
error: gpg failed to sign the data
fatal: failed to write commit object
Everything up-to-date
error: cannot run gpg: No such file or directory
error: gpg failed to sign the data
fatal: failed to write commit object
Everything up-to-date
error: cannot run gpg: No such file or directory
error: gpg failed to sign the data
fatal: failed to write commit object
Everything up-to-date
error: cannot run gpg: No such file or directory
error: gpg failed to sign the data
fatal: failed to write commit object
Everything up-to-date
error: cannot run gpg: No such file or directory
error: gpg failed to sign the data
fatal: failed to write commit object
Everything up-to-date
error: cannot run gpg: No such file or directory
error: gpg failed to sign the data
fatal: failed to write commit object
Everything up-to-date
error: cannot run gpg: No such file or directory
error: gpg failed to sign the data
fatal: failed to write commit object
Everything up-to-date
error: cannot run gpg: No such file or directory
error: gpg failed to sign the data
fatal: failed to write commit object
Everything up-to-date
error: cannot run gpg: No such file or directory
error: gpg failed to sign the data
fatal: failed to write commit object
Everything up-to-date
error: cannot run gpg: No such file or directory
error: gpg failed to sign the data
fatal: failed to write commit object
Everything up-to-date
error: cannot run gpg: No such file or directory
error: gpg failed to sign the data
fatal: failed to write commit object
Everything up-to-date
error: cannot run gpg: No such file or directory
error: gpg failed to sign the data
fatal: failed to write commit object
Everything up-to-date
error: cannot run gpg: No such file or directory
error: gpg failed to sign the data
fatal: failed to write commit object
Everything up-to-date
error: cannot run gpg: No such file or directory
error: gpg failed to sign the data
fatal: failed to write commit object
Everything up-to-date
error: cannot run gpg: No such file or directory
error: gpg failed to sign the data
fatal: failed to write commit object
Everything up-to-date
error: cannot run gpg: No such file or directory
error: gpg failed to sign the data
fatal: failed to write commit object
Everything up-to-date
error: cannot run gpg: No such file or directory
error: gpg failed to sign the data
fatal: failed to write commit object
Everything up-to-date
error: cannot run gpg: No such file or directory
error: gpg failed to sign the data
fatal: failed to write commit object
Everything up-to-date
error: cannot run gpg: No such file or directory
error: gpg failed to sign the data
fatal: failed to write commit object
Everything up-to-date
error: cannot run gpg: No such file or directory
error: gpg failed to sign the data
fatal: failed to write commit object
Everything up-to-date
error: cannot run gpg: No such file or directory
error: gpg failed to sign the data
fatal: failed to write commit object
Everything up-to-date
error: cannot run gpg: No such file or directory
error: gpg failed to sign the data
fatal: failed to write commit object
Everything up-to-date
error: cannot run gpg: No such file or directory
error: gpg failed to sign the data
fatal: failed to write commit object
Everything up-to-date
error: cannot run gpg: No such file or directory
error: gpg failed to sign the data
fatal: failed to write commit object
Everything up-to-date
error: cannot run gpg: No such file or directory
error: gpg failed to sign the data
fatal: failed to write commit object
Everything up-to-date
error: cannot run gpg: No such file or directory
error: gpg failed to sign the data
fatal: failed to write commit object
Everything up-to-date
error: cannot run gpg: No such file or directory
error: gpg failed to sign the data
fatal: failed to write commit object
Everything up-to-date
error: cannot run gpg: No such file or directory
error: gpg failed to sign the data
fatal: failed to write commit object
Everything up-to-date
error: cannot run gpg: No such file or directory
error: gpg failed to sign the data
fatal: failed to write commit object
Everything up-to-date
error: cannot run gpg: No such file or directory
error: gpg failed to sign the data
fatal: failed to write commit object
Everything up-to-date
error: cannot run gpg: No such file or directory
error: gpg failed to sign the data
fatal: failed to write commit object
Everything up-to-date
error: cannot run gpg: No such file or directory
error: gpg failed to sign the data
fatal: failed to write commit object
Everything up-to-date
error: cannot run gpg: No such file or directory
error: gpg failed to sign the data
fatal: failed to write commit object
Everything up-to-date
error: cannot run gpg: No such file or directory
error: gpg failed to sign the data
fatal: failed to write commit object
Everything up-to-date
error: cannot run gpg: No such file or directory
error: gpg failed to sign the data
fatal: failed to write commit object
Everything up-to-date
error: cannot run gpg: No such file or directory
error: gpg failed to sign the data
fatal: failed to write commit object
Everything up-to-date
error: cannot run gpg: No such file or directory
error: gpg failed to sign the data
fatal: failed to write commit object
Everything up-to-date
error: cannot run gpg: No such file or directory
error: gpg failed to sign the data
fatal: failed to write commit object
Everything up-to-date
error: cannot run gpg: No such file or directory
error: gpg failed to sign the data
fatal: failed to write commit object
Everything up-to-date
error: cannot run gpg: No such file or directory
error: gpg failed to sign the data
fatal: failed to write commit object
Everything up-to-date
error: cannot run gpg: No such file or directory
error: gpg failed to sign the data
fatal: failed to write commit object
Everything up-to-date
error: cannot run gpg: No such file or directory
error: gpg failed to sign the data
fatal: failed to write commit object
Everything up-to-date
error: cannot run gpg: No such file or directory
error: gpg failed to sign the data
fatal: failed to write commit object
Everything up-to-date
error: cannot run gpg: No such file or directory
error: gpg failed to sign the data
fatal: failed to write commit object
Everything up-to-date
error: cannot run gpg: No such file or directory
error: gpg failed to sign the data
fatal: failed to write commit object
Everything up-to-date
error: cannot run gpg: No such file or directory
error: gpg failed to sign the data
fatal: failed to write commit object
Everything up-to-date
error: cannot run gpg: No such file or directory
error: gpg failed to sign the data
fatal: failed to write commit object
Everything up-to-date
error: cannot run gpg: No such file or directory
error: gpg failed to sign the data
fatal: failed to write commit object
Everything up-to-date
error: cannot run gpg: No such file or directory
error: gpg failed to sign the data
fatal: failed to write commit object
Everything up-to-date
error: cannot run gpg: No such file or directory
error: gpg failed to sign the data
fatal: failed to write commit object
Everything up-to-date
error: cannot run gpg: No such file or directory
error: gpg failed to sign the data
fatal: failed to write commit object
Everything up-to-date
error: cannot run gpg: No such file or directory
error: gpg failed to sign the data
fatal: failed to write commit object
Everything up-to-date
error: cannot run gpg: No such file or directory
error: gpg failed to sign the data
fatal: failed to write commit object
Everything up-to-date
error: cannot run gpg: No such file or directory
error: gpg failed to sign the data
fatal: failed to write commit object
Everything up-to-date
error: cannot run gpg: No such file or directory
error: gpg failed to sign the data
fatal: failed to write commit object
Everything up-to-date
error: cannot run gpg: No such file or directory
error: gpg failed to sign the data
fatal: failed to write commit object
Everything up-to-date
error: cannot run gpg: No such file or directory
error: gpg failed to sign the data
fatal: failed to write commit object
Everything up-to-date
error: cannot run gpg: No such file or directory
error: gpg failed to sign the data
fatal: failed to write commit object
Everything up-to-date
error: cannot run gpg: No such file or directory
error: gpg failed to sign the data
fatal: failed to write commit object
Everything up-to-date
error: cannot run gpg: No such file or directory
error: gpg failed to sign the data
fatal: failed to write commit object
Everything up-to-date
error: cannot run gpg: No such file or directory
error: gpg failed to sign the data
fatal: failed to write commit object
Everything up-to-date
error: cannot run gpg: No such file or directory
error: gpg failed to sign the data
fatal: failed to write commit object
Everything up-to-date
[master e28c5d3] [CS228-0510] 6 files changed, 2481 insertions(+), 29 deletions(-).
 6 files changed, 2481 insertions(+), 29 deletions(-)
 create mode 100644 var/log/Services/com.maximpuchkov.services.Committer.plist.log
To csil-git1.cs.surrey.sfu.ca:mpuchkov/terminal.git
   eb6ca5f..e28c5d3  master -> master
[master 506a660] [CS230-0510] 2 files changed, 6 insertions(+), 1 deletion(-).
 2 files changed, 6 insertions(+), 1 deletion(-)
To csil-git1.cs.surrey.sfu.ca:mpuchkov/terminal.git
   e28c5d3..506a660  master -> master
[master 1c0fed4] [CS232-0510] 2 files changed, 5 insertions(+), 1 deletion(-).
 2 files changed, 5 insertions(+), 1 deletion(-)
To csil-git1.cs.surrey.sfu.ca:mpuchkov/terminal.git
   506a660..1c0fed4  master -> master
[master 50cc804] [CS234-0510] 2 files changed, 5 insertions(+), 1 deletion(-).
 2 files changed, 5 insertions(+), 1 deletion(-)
To csil-git1.cs.surrey.sfu.ca:mpuchkov/terminal.git
   1c0fed4..50cc804  master -> master
[master c551355] [CS236-0510] 2 files changed, 5 insertions(+), 1 deletion(-).
 2 files changed, 5 insertions(+), 1 deletion(-)
To csil-git1.cs.surrey.sfu.ca:mpuchkov/terminal.git
   50cc804..c551355  master -> master
[master 9478574] [CS238-0510] 2 files changed, 5 insertions(+), 1 deletion(-).
 2 files changed, 5 insertions(+), 1 deletion(-)
To csil-git1.cs.surrey.sfu.ca:mpuchkov/terminal.git
   c551355..9478574  master -> master
[master ace5843] [CS240-0510] 2 files changed, 5 insertions(+), 1 deletion(-).
 2 files changed, 5 insertions(+), 1 deletion(-)
To csil-git1.cs.surrey.sfu.ca:mpuchkov/terminal.git
   9478574..ace5843  master -> master
[master e2ec605] [CS242-0510] 2 files changed, 5 insertions(+), 1 deletion(-).
 2 files changed, 5 insertions(+), 1 deletion(-)
To csil-git1.cs.surrey.sfu.ca:mpuchkov/terminal.git
   ace5843..e2ec605  master -> master
[master 7bd6bfd] [CS244-0510] 2 files changed, 5 insertions(+), 1 deletion(-).
 2 files changed, 5 insertions(+), 1 deletion(-)
To csil-git1.cs.surrey.sfu.ca:mpuchkov/terminal.git
   e2ec605..7bd6bfd  master -> master
[master c729a49] [CS246-0510] 2 files changed, 5 insertions(+), 1 deletion(-).
 2 files changed, 5 insertions(+), 1 deletion(-)
To csil-git1.cs.surrey.sfu.ca:mpuchkov/terminal.git
   7bd6bfd..c729a49  master -> master
[master baf491a] [CS248-0510] 2 files changed, 5 insertions(+), 1 deletion(-).
 2 files changed, 5 insertions(+), 1 deletion(-)
To csil-git1.cs.surrey.sfu.ca:mpuchkov/terminal.git
   c729a49..baf491a  master -> master
[master 15c20cb] [CS250-0510] 2 files changed, 5 insertions(+), 1 deletion(-).
 2 files changed, 5 insertions(+), 1 deletion(-)
To csil-git1.cs.surrey.sfu.ca:mpuchkov/terminal.git
   baf491a..15c20cb  master -> master
[master a8d0e91] [CS252-0510] 2 files changed, 5 insertions(+), 1 deletion(-).
 2 files changed, 5 insertions(+), 1 deletion(-)
To csil-git1.cs.surrey.sfu.ca:mpuchkov/terminal.git
   15c20cb..a8d0e91  master -> master
[master bf7d30c] [CS254-0510] 2 files changed, 5 insertions(+), 1 deletion(-).
 2 files changed, 5 insertions(+), 1 deletion(-)
To csil-git1.cs.surrey.sfu.ca:mpuchkov/terminal.git
   a8d0e91..bf7d30c  master -> master
[master bbfffcb] [CS256-0510] 2 files changed, 5 insertions(+), 1 deletion(-).
 2 files changed, 5 insertions(+), 1 deletion(-)
To csil-git1.cs.surrey.sfu.ca:mpuchkov/terminal.git
   bf7d30c..bbfffcb  master -> master
[master 7fbaefb] [CS258-0510] 2 files changed, 5 insertions(+), 1 deletion(-).
 2 files changed, 5 insertions(+), 1 deletion(-)
To csil-git1.cs.surrey.sfu.ca:mpuchkov/terminal.git
   bbfffcb..7fbaefb  master -> master
[master c1921f4] [CS260-0510] 2 files changed, 5 insertions(+), 1 deletion(-).
 2 files changed, 5 insertions(+), 1 deletion(-)
To csil-git1.cs.surrey.sfu.ca:mpuchkov/terminal.git
   7fbaefb..c1921f4  master -> master
[master b688b13] [CS262-0510] 2 files changed, 5 insertions(+), 1 deletion(-).
 2 files changed, 5 insertions(+), 1 deletion(-)
To csil-git1.cs.surrey.sfu.ca:mpuchkov/terminal.git
   c1921f4..b688b13  master -> master
[master 8a19665] [CS264-0510] 2 files changed, 5 insertions(+), 1 deletion(-).
 2 files changed, 5 insertions(+), 1 deletion(-)
To csil-git1.cs.surrey.sfu.ca:mpuchkov/terminal.git
   b688b13..8a19665  master -> master
[master 7d613e8] [CS266-0510] 2 files changed, 5 insertions(+), 1 deletion(-).
 2 files changed, 5 insertions(+), 1 deletion(-)
To csil-git1.cs.surrey.sfu.ca:mpuchkov/terminal.git
   8a19665..7d613e8  master -> master
[master 2f4137c] [CS268-0510] 2 files changed, 5 insertions(+), 1 deletion(-).
 2 files changed, 5 insertions(+), 1 deletion(-)
To csil-git1.cs.surrey.sfu.ca:mpuchkov/terminal.git
   7d613e8..2f4137c  master -> master
[master 888ca98] [CS270-0510] 2 files changed, 5 insertions(+), 1 deletion(-).
 2 files changed, 5 insertions(+), 1 deletion(-)
To csil-git1.cs.surrey.sfu.ca:mpuchkov/terminal.git
   2f4137c..888ca98  master -> master
[master 6a36c49] [CS272-0510] 2 files changed, 5 insertions(+), 1 deletion(-).
 2 files changed, 5 insertions(+), 1 deletion(-)
To csil-git1.cs.surrey.sfu.ca:mpuchkov/terminal.git
   888ca98..6a36c49  master -> master
[master db1a324] [CS274-0510] 2 files changed, 5 insertions(+), 1 deletion(-).
 2 files changed, 5 insertions(+), 1 deletion(-)
To csil-git1.cs.surrey.sfu.ca:mpuchkov/terminal.git
   6a36c49..db1a324  master -> master
[master 0d1f1c6] [CS276-0510] 2 files changed, 5 insertions(+), 1 deletion(-).
 2 files changed, 5 insertions(+), 1 deletion(-)
To csil-git1.cs.surrey.sfu.ca:mpuchkov/terminal.git
   db1a324..0d1f1c6  master -> master
[master 7ddf026] [CS278-0510] 2 files changed, 5 insertions(+), 1 deletion(-).
 2 files changed, 5 insertions(+), 1 deletion(-)
To csil-git1.cs.surrey.sfu.ca:mpuchkov/terminal.git
   0d1f1c6..7ddf026  master -> master
[master 25f5d1a] [CS280-0510] 2 files changed, 5 insertions(+), 1 deletion(-).
 2 files changed, 5 insertions(+), 1 deletion(-)
To csil-git1.cs.surrey.sfu.ca:mpuchkov/terminal.git
   7ddf026..25f5d1a  master -> master
[master 2da4f40] [CS282-0510] 2 files changed, 5 insertions(+), 1 deletion(-).
 2 files changed, 5 insertions(+), 1 deletion(-)
To csil-git1.cs.surrey.sfu.ca:mpuchkov/terminal.git
   25f5d1a..2da4f40  master -> master
[master 2a42fdf] [CS284-0510] 2 files changed, 5 insertions(+), 1 deletion(-).
 2 files changed, 5 insertions(+), 1 deletion(-)
To csil-git1.cs.surrey.sfu.ca:mpuchkov/terminal.git
   2da4f40..2a42fdf  master -> master
